Flow report for skeleton
Tue Apr 26 23:36:56 2016
Quartus Prime Version 15.1.0 Build 185 10/21/2015 SJ Lite Edition


---------------------
; Table of Contents ;
---------------------
  1. Legal Notice
  2. Flow Summary
  3. Flow Settings
  4. Flow Non-Default Global Settings
  5. Flow Elapsed Time
  6. Flow OS Summary
  7. Flow Log
  8. Flow Messages
  9. Flow Suppressed Messages



----------------
; Legal Notice ;
----------------
Copyright (C) 1991-2015 Altera Corporation. All rights reserved.
Your use of Altera Corporation's design tools, logic functions 
and other software and tools, and its AMPP partner logic 
functions, and any output files from any of the foregoing 
(including device programming or simulation files), and any 
associated documentation or information are expressly subject 
to the terms and conditions of the Altera Program License 
Subscription Agreement, the Altera Quartus Prime License Agreement,
the Altera MegaCore Function License Agreement, or other 
applicable license agreement, including, without limitation, 
that your use is for the sole purpose of programming logic 
devices manufactured by Altera and sold by Altera or its 
authorized distributors.  Please refer to the applicable 
agreement for further details.



+----------------------------------------------------------------------------------+
; Flow Summary                                                                     ;
+------------------------------------+---------------------------------------------+
; Flow Status                        ; Successful - Tue Apr 26 23:36:56 2016       ;
; Quartus Prime Version              ; 15.1.0 Build 185 10/21/2015 SJ Lite Edition ;
; Revision Name                      ; skeleton                                    ;
; Top-level Entity Name              ; processor                                   ;
; Family                             ; Cyclone IV E                                ;
; Device                             ; EP4CE115F29C8                               ;
; Timing Models                      ; Final                                       ;
; Total logic elements               ; 8,934                                       ;
;     Total combinational functions  ; 7,543                                       ;
;     Dedicated logic registers      ; 1,716                                       ;
; Total registers                    ; 1716                                        ;
; Total pins                         ; 479                                         ;
; Total virtual pins                 ; 0                                           ;
; Total memory bits                  ; 262,144                                     ;
; Embedded Multiplier 9-bit elements ; 0                                           ;
; Total PLLs                         ; 0                                           ;
+------------------------------------+---------------------------------------------+


+-----------------------------------------+
; Flow Settings                           ;
+-------------------+---------------------+
; Option            ; Setting             ;
+-------------------+---------------------+
; Start date & time ; 04/26/2016 22:28:48 ;
; Main task         ; Compilation         ;
; Revision Name     ; skeleton            ;
+-------------------+---------------------+


+-----------------------------------------------------------------------------------------------------------------------------+
; Flow Non-Default Global Settings                                                                                            ;
+--------------------------------------+---------------------------------------+---------------+-------------+----------------+
; Assignment Name                      ; Value                                 ; Default Value ; Entity Name ; Section Id     ;
+--------------------------------------+---------------------------------------+---------------+-------------+----------------+
; COMPILER_SIGNATURE_ID                ; 121530732348136.146172412819396       ; --            ; --          ; --             ;
; EDA_DESIGN_INSTANCE_NAME             ; NA                                    ; --            ; --          ; testbench      ;
; EDA_NATIVELINK_SIMULATION_TEST_BENCH ; testbench                             ; --            ; --          ; eda_simulation ;
; EDA_OUTPUT_DATA_FORMAT               ; Verilog Hdl                           ; --            ; --          ; eda_simulation ;
; EDA_SIMULATION_TOOL                  ; ModelSim-Altera (Verilog)             ; <None>        ; --          ; --             ;
; EDA_TEST_BENCH_ENABLE_STATUS         ; TEST_BENCH_MODE                       ; --            ; --          ; eda_simulation ;
; EDA_TEST_BENCH_FILE                  ; testbench.v                           ; --            ; --          ; testbench      ;
; EDA_TEST_BENCH_MODULE_NAME           ; testbench                             ; --            ; --          ; testbench      ;
; EDA_TEST_BENCH_NAME                  ; testbench                             ; --            ; --          ; eda_simulation ;
; EDA_TEST_BENCH_RUN_SIM_FOR           ; 1 s                                   ; --            ; --          ; testbench      ;
; EDA_TIME_SCALE                       ; 1 ps                                  ; --            ; --          ; eda_simulation ;
; MAX_CORE_JUNCTION_TEMP               ; 85                                    ; --            ; --          ; --             ;
; MIN_CORE_JUNCTION_TEMP               ; 0                                     ; --            ; --          ; --             ;
; MISC_FILE                            ; imem_inst.v                           ; --            ; --          ; --             ;
; MISC_FILE                            ; imem.cmp                              ; --            ; --          ; --             ;
; MISC_FILE                            ; dmem_inst.v                           ; --            ; --          ; --             ;
; MISC_FILE                            ; dmem.cmp                              ; --            ; --          ; --             ;
; MISC_FILE                            ; pll.bsf                               ; --            ; --          ; --             ;
; MISC_FILE                            ; pll.cmp                               ; --            ; --          ; --             ;
; MISC_FILE                            ; pll.ppf                               ; --            ; --          ; --             ;
; PARTITION_COLOR                      ; 16764057                              ; --            ; processor   ; Top            ;
; PARTITION_FITTER_PRESERVATION_LEVEL  ; PLACEMENT_AND_ROUTING                 ; --            ; processor   ; Top            ;
; PARTITION_NETLIST_TYPE               ; SOURCE                                ; --            ; processor   ; Top            ;
; POWER_BOARD_THERMAL_MODEL            ; None (CONSERVATIVE)                   ; --            ; --          ; --             ;
; POWER_PRESET_COOLING_SOLUTION        ; 23 MM HEAT SINK WITH 200 LFPM AIRFLOW ; --            ; --          ; --             ;
; TOP_LEVEL_ENTITY                     ; processor                             ; skeleton      ; --          ; --             ;
; USE_GENERATED_PHYSICAL_CONSTRAINTS   ; Off                                   ; --            ; --          ; eda_blast_fpga ;
+--------------------------------------+---------------------------------------+---------------+-------------+----------------+


+--------------------------------------------------------------------------------------------------------------------------+
; Flow Elapsed Time                                                                                                        ;
+----------------------+--------------+-------------------------+---------------------+------------------------------------+
; Module Name          ; Elapsed Time ; Average Processors Used ; Peak Virtual Memory ; Total CPU Time (on all processors) ;
+----------------------+--------------+-------------------------+---------------------+------------------------------------+
; Analysis & Synthesis ; 00:04:36     ; 1.0                     ; 947 MB              ; 00:04:57                           ;
; MIF/HEX Update       ; 00:00:03     ; 1.0                     ; 858 MB              ; 00:00:03                           ;
; EDA Netlist Writer   ; 00:00:02     ; 1.0                     ; 733 MB              ; 00:00:02                           ;
; EDA Netlist Writer   ; 00:00:07     ; 1.0                     ; 744 MB              ; 00:00:07                           ;
; MIF/HEX Update       ; 00:00:03     ; 1.0                     ; 859 MB              ; 00:00:03                           ;
; EDA Netlist Writer   ; 00:00:02     ; 1.0                     ; 733 MB              ; 00:00:02                           ;
; EDA Netlist Writer   ; 00:00:07     ; 1.0                     ; 744 MB              ; 00:00:06                           ;
; MIF/HEX Update       ; 00:00:03     ; 1.0                     ; 863 MB              ; 00:00:03                           ;
; EDA Netlist Writer   ; 00:00:03     ; 1.0                     ; 733 MB              ; 00:00:03                           ;
; EDA Netlist Writer   ; 00:00:07     ; 1.0                     ; 744 MB              ; 00:00:07                           ;
; MIF/HEX Update       ; 00:00:03     ; 1.0                     ; 863 MB              ; 00:00:03                           ;
; EDA Netlist Writer   ; 00:00:03     ; 1.0                     ; 733 MB              ; 00:00:03                           ;
; EDA Netlist Writer   ; 00:00:07     ; 1.0                     ; 744 MB              ; 00:00:07                           ;
; Total                ; 00:05:26     ; --                      ; --                  ; 00:05:46                           ;
+----------------------+--------------+-------------------------+---------------------+------------------------------------+


+-----------------------------------------------------------------------------------+
; Flow OS Summary                                                                   ;
+----------------------+------------------+-----------+------------+----------------+
; Module Name          ; Machine Hostname ; OS Name   ; OS Version ; Processor type ;
+----------------------+------------------+-----------+------------+----------------+
; Analysis & Synthesis ; Austin-PC        ; Windows 8 ; 6.2        ; x86_64         ;
; MIF/HEX Update       ; Austin-PC        ; Windows 8 ; 6.2        ; x86_64         ;
; EDA Netlist Writer   ; Austin-PC        ; Windows 8 ; 6.2        ; x86_64         ;
; EDA Netlist Writer   ; Austin-PC        ; Windows 8 ; 6.2        ; x86_64         ;
; MIF/HEX Update       ; Austin-PC        ; Windows 8 ; 6.2        ; x86_64         ;
; EDA Netlist Writer   ; Austin-PC        ; Windows 8 ; 6.2        ; x86_64         ;
; EDA Netlist Writer   ; Austin-PC        ; Windows 8 ; 6.2        ; x86_64         ;
; MIF/HEX Update       ; Austin-PC        ; Windows 8 ; 6.2        ; x86_64         ;
; EDA Netlist Writer   ; Austin-PC        ; Windows 8 ; 6.2        ; x86_64         ;
; EDA Netlist Writer   ; Austin-PC        ; Windows 8 ; 6.2        ; x86_64         ;
; MIF/HEX Update       ; Austin-PC        ; Windows 8 ; 6.2        ; x86_64         ;
; EDA Netlist Writer   ; Austin-PC        ; Windows 8 ; 6.2        ; x86_64         ;
; EDA Netlist Writer   ; Austin-PC        ; Windows 8 ; 6.2        ; x86_64         ;
+----------------------+------------------+-----------+------------+----------------+


------------
; Flow Log ;
------------
quartus_map --read_settings_files=on --write_settings_files=off skeleton -c skeleton
quartus_cdb skeleton -c skeleton --update_mif
quartus_eda --gen_testbench --tool=modelsim_oem --format=verilog --write_settings_files=off skeleton -c skeleton --vector_source=C:/altera_lite/15.1/P5/testWaveform.vwf --testbench_file=C:/altera_lite/15.1/P5/simulation/qsim/testWaveform.vwf.vt
quartus_eda --write_settings_files=off --functional=on --flatten_buses=off --simulation=on --tool=modelsim_oem --format=verilog --output_directory=C:/altera_lite/15.1/P5/simulation/qsim/ skeleton -c skeleton
quartus_cdb skeleton -c skeleton --update_mif
quartus_eda --gen_testbench --tool=modelsim_oem --format=verilog --write_settings_files=off skeleton -c skeleton --vector_source=C:/altera_lite/15.1/P5/testWaveform.vwf --testbench_file=C:/altera_lite/15.1/P5/simulation/qsim/testWaveform.vwf.vt
quartus_eda --write_settings_files=off --functional=on --flatten_buses=off --simulation=on --tool=modelsim_oem --format=verilog --output_directory=C:/altera_lite/15.1/P5/simulation/qsim/ skeleton -c skeleton
quartus_cdb skeleton -c skeleton --update_mif
quartus_eda --gen_testbench --tool=modelsim_oem --format=verilog --write_settings_files=off skeleton -c skeleton --vector_source=C:/altera_lite/15.1/P5/testWaveform.vwf --testbench_file=C:/altera_lite/15.1/P5/simulation/qsim/testWaveform.vwf.vt
quartus_eda --write_settings_files=off --functional=on --flatten_buses=off --simulation=on --tool=modelsim_oem --format=verilog --output_directory=C:/altera_lite/15.1/P5/simulation/qsim/ skeleton -c skeleton
quartus_cdb skeleton -c skeleton --update_mif
quartus_eda --gen_testbench --tool=modelsim_oem --format=verilog --write_settings_files=off skeleton -c skeleton --vector_source=C:/altera_lite/15.1/P5/testWaveform.vwf --testbench_file=C:/altera_lite/15.1/P5/simulation/qsim/testWaveform.vwf.vt
quartus_eda --write_settings_files=off --functional=on --flatten_buses=off --simulation=on --tool=modelsim_oem --format=verilog --output_directory=C:/altera_lite/15.1/P5/simulation/qsim/ skeleton -c skeleton



